<?xml version="1.0" encoding="UTF-8"?>
<testsuite xmlns:xsi="http://www.w3.org/2001/XMLSchema-instance" xsi:noNamespaceSchemaLocation="https://maven.apache.org/surefire/maven-surefire-plugin/xsd/surefire-test-report.xsd" name="br.com.cris.mercadoonline.MercadoonlineApplicationTests" time="34.675" tests="1" errors="0" skipped="0" failures="0">
  <properties>
    <property name="sun.desktop" value="gnome"/>
    <property name="awt.toolkit" value="sun.awt.X11.XToolkit"/>
    <property name="java.specification.version" value="11"/>
    <property name="sun.cpu.isalist" value=""/>
    <property name="sun.jnu.encoding" value="UTF-8"/>
    <property name="java.class.path" value="/home/familia/Documentos/Estudos/Mercado-Online/mercado-online-api/target/test-classes:/home/familia/Documentos/Estudos/Mercado-Online/mercado-online-api/target/classes:/home/familia/Documentos/Estudos/Mercado-Online/mercado-online-service/target/mercado-online-service-0.0.1-SNAPSHOT.jar:/home/familia/Documentos/Estudos/Mercado-Online/mercado-online-model/target/mercado-online-model-0.0.1-SNAPSHOT.jar:/home/familia/.m2/repository/org/hibernate/hibernate-java8/5.4.3.Final/hibernate-java8-5.4.3.Final.jar:/home/familia/.m2/repository/com/fasterxml/jackson/datatype/jackson-datatype-jsr310/2.9.9/jackson-datatype-jsr310-2.9.9.jar:/home/familia/.m2/repository/com/fasterxml/jackson/core/jackson-core/2.9.9/jackson-core-2.9.9.jar:/home/familia/.m2/repository/org/hibernate/hibernate-jpamodelgen/5.4.3.Final/hibernate-jpamodelgen-5.4.3.Final.jar:/home/familia/.m2/repository/javax/xml/bind/jaxb-api/2.3.1/jaxb-api-2.3.1.jar:/home/familia/.m2/repository/javax/activation/javax.activation-api/1.2.0/javax.activation-api-1.2.0.jar:/home/familia/.m2/repository/org/flywaydb/flyway-core/5.2.4/flyway-core-5.2.4.jar:/home/familia/.m2/repository/mysql/mysql-connector-java/8.0.16/mysql-connector-java-8.0.16.jar:/home/familia/.m2/repository/org/springframework/plugin/spring-plugin-core/1.2.0.RELEASE/spring-plugin-core-1.2.0.RELEASE.jar:/home/familia/.m2/repository/org/springframework/spring-beans/5.2.0.BUILD-SNAPSHOT/spring-beans-5.2.0.BUILD-SNAPSHOT.jar:/home/familia/.m2/repository/org/springframework/spring-context/5.2.0.BUILD-SNAPSHOT/spring-context-5.2.0.BUILD-SNAPSHOT.jar:/home/familia/.m2/repository/org/springframework/spring-expression/5.2.0.BUILD-SNAPSHOT/spring-expression-5.2.0.BUILD-SNAPSHOT.jar:/home/familia/.m2/repository/org/springframework/spring-aop/5.2.0.BUILD-SNAPSHOT/spring-aop-5.2.0.BUILD-SNAPSHOT.jar:/home/familia/.m2/repository/org/slf4j/slf4j-api/1.7.26/slf4j-api-1.7.26.jar:/home/familia/.m2/repository/org/springframework/boot/spring-boot-starter-web/2.2.0.BUILD-SNAPSHOT/spring-boot-starter-web-2.2.0.BUILD-SNAPSHOT.jar:/home/familia/.m2/repository/org/springframework/boot/spring-boot-starter/2.2.0.BUILD-SNAPSHOT/spring-boot-starter-2.2.0.BUILD-SNAPSHOT.jar:/home/familia/.m2/repository/org/springframework/boot/spring-boot-starter-logging/2.2.0.BUILD-SNAPSHOT/spring-boot-starter-logging-2.2.0.BUILD-SNAPSHOT.jar:/home/familia/.m2/repository/ch/qos/logback/logback-classic/1.2.3/logback-classic-1.2.3.jar:/home/familia/.m2/repository/ch/qos/logback/logback-core/1.2.3/logback-core-1.2.3.jar:/home/familia/.m2/repository/org/apache/logging/log4j/log4j-to-slf4j/2.11.2/log4j-to-slf4j-2.11.2.jar:/home/familia/.m2/repository/org/apache/logging/log4j/log4j-api/2.11.2/log4j-api-2.11.2.jar:/home/familia/.m2/repository/org/slf4j/jul-to-slf4j/1.7.26/jul-to-slf4j-1.7.26.jar:/home/familia/.m2/repository/jakarta/annotation/jakarta.annotation-api/1.3.4/jakarta.annotation-api-1.3.4.jar:/home/familia/.m2/repository/org/yaml/snakeyaml/1.24/snakeyaml-1.24.jar:/home/familia/.m2/repository/org/springframework/boot/spring-boot-starter-json/2.2.0.BUILD-SNAPSHOT/spring-boot-starter-json-2.2.0.BUILD-SNAPSHOT.jar:/home/familia/.m2/repository/com/fasterxml/jackson/core/jackson-databind/2.9.9/jackson-databind-2.9.9.jar:/home/familia/.m2/repository/com/fasterxml/jackson/datatype/jackson-datatype-jdk8/2.9.9/jackson-datatype-jdk8-2.9.9.jar:/home/familia/.m2/repository/com/fasterxml/jackson/module/jackson-module-parameter-names/2.9.9/jackson-module-parameter-names-2.9.9.jar:/home/familia/.m2/repository/org/springframework/boot/spring-boot-starter-tomcat/2.2.0.BUILD-SNAPSHOT/spring-boot-starter-tomcat-2.2.0.BUILD-SNAPSHOT.jar:/home/familia/.m2/repository/org/apache/tomcat/embed/tomcat-embed-core/9.0.21/tomcat-embed-core-9.0.21.jar:/home/familia/.m2/repository/org/apache/tomcat/embed/tomcat-embed-el/9.0.21/tomcat-embed-el-9.0.21.jar:/home/familia/.m2/repository/org/apache/tomcat/embed/tomcat-embed-websocket/9.0.21/tomcat-embed-websocket-9.0.21.jar:/home/familia/.m2/repository/org/springframework/boot/spring-boot-starter-validation/2.2.0.BUILD-SNAPSHOT/spring-boot-starter-validation-2.2.0.BUILD-SNAPSHOT.jar:/home/familia/.m2/repository/jakarta/validation/jakarta.validation-api/2.0.1/jakarta.validation-api-2.0.1.jar:/home/familia/.m2/repository/org/hibernate/validator/hibernate-validator/6.0.17.Final/hibernate-validator-6.0.17.Final.jar:/home/familia/.m2/repository/org/springframework/spring-web/5.2.0.BUILD-SNAPSHOT/spring-web-5.2.0.BUILD-SNAPSHOT.jar:/home/familia/.m2/repository/org/springframework/spring-webmvc/5.2.0.BUILD-SNAPSHOT/spring-webmvc-5.2.0.BUILD-SNAPSHOT.jar:/home/familia/.m2/repository/org/springframework/boot/spring-boot-devtools/2.2.0.BUILD-SNAPSHOT/spring-boot-devtools-2.2.0.BUILD-SNAPSHOT.jar:/home/familia/.m2/repository/org/springframework/boot/spring-boot/2.2.0.BUILD-SNAPSHOT/spring-boot-2.2.0.BUILD-SNAPSHOT.jar:/home/familia/.m2/repository/org/springframework/boot/spring-boot-autoconfigure/2.2.0.BUILD-SNAPSHOT/spring-boot-autoconfigure-2.2.0.BUILD-SNAPSHOT.jar:/home/familia/.m2/repository/org/springframework/boot/spring-boot-starter-test/2.2.0.BUILD-SNAPSHOT/spring-boot-starter-test-2.2.0.BUILD-SNAPSHOT.jar:/home/familia/.m2/repository/org/springframework/boot/spring-boot-test/2.2.0.BUILD-SNAPSHOT/spring-boot-test-2.2.0.BUILD-SNAPSHOT.jar:/home/familia/.m2/repository/org/springframework/boot/spring-boot-test-autoconfigure/2.2.0.BUILD-SNAPSHOT/spring-boot-test-autoconfigure-2.2.0.BUILD-SNAPSHOT.jar:/home/familia/.m2/repository/com/jayway/jsonpath/json-path/2.4.0/json-path-2.4.0.jar:/home/familia/.m2/repository/net/minidev/json-smart/2.3/json-smart-2.3.jar:/home/familia/.m2/repository/net/minidev/accessors-smart/1.2/accessors-smart-1.2.jar:/home/familia/.m2/repository/org/ow2/asm/asm/5.0.4/asm-5.0.4.jar:/home/familia/.m2/repository/jakarta/xml/bind/jakarta.xml.bind-api/2.3.2/jakarta.xml.bind-api-2.3.2.jar:/home/familia/.m2/repository/org/junit/jupiter/junit-jupiter/5.5.0-RC2/junit-jupiter-5.5.0-RC2.jar:/home/familia/.m2/repository/org/junit/jupiter/junit-jupiter-api/5.5.0-RC2/junit-jupiter-api-5.5.0-RC2.jar:/home/familia/.m2/repository/org/opentest4j/opentest4j/1.2.0/opentest4j-1.2.0.jar:/home/familia/.m2/repository/org/junit/platform/junit-platform-commons/1.5.0-RC2/junit-platform-commons-1.5.0-RC2.jar:/home/familia/.m2/repository/org/junit/jupiter/junit-jupiter-params/5.5.0-RC2/junit-jupiter-params-5.5.0-RC2.jar:/home/familia/.m2/repository/org/junit/jupiter/junit-jupiter-engine/5.5.0-RC2/junit-jupiter-engine-5.5.0-RC2.jar:/home/familia/.m2/repository/org/junit/vintage/junit-vintage-engine/5.5.0-RC2/junit-vintage-engine-5.5.0-RC2.jar:/home/familia/.m2/repository/org/apiguardian/apiguardian-api/1.1.0/apiguardian-api-1.1.0.jar:/home/familia/.m2/repository/org/junit/platform/junit-platform-engine/1.5.0-RC2/junit-platform-engine-1.5.0-RC2.jar:/home/familia/.m2/repository/junit/junit/4.12/junit-4.12.jar:/home/familia/.m2/repository/org/mockito/mockito-junit-jupiter/2.28.2/mockito-junit-jupiter-2.28.2.jar:/home/familia/.m2/repository/org/assertj/assertj-core/3.12.2/assertj-core-3.12.2.jar:/home/familia/.m2/repository/org/hamcrest/hamcrest/2.1/hamcrest-2.1.jar:/home/familia/.m2/repository/org/mockito/mockito-core/2.28.2/mockito-core-2.28.2.jar:/home/familia/.m2/repository/net/bytebuddy/byte-buddy/1.9.13/byte-buddy-1.9.13.jar:/home/familia/.m2/repository/net/bytebuddy/byte-buddy-agent/1.9.13/byte-buddy-agent-1.9.13.jar:/home/familia/.m2/repository/org/objenesis/objenesis/2.6/objenesis-2.6.jar:/home/familia/.m2/repository/org/skyscreamer/jsonassert/1.5.0/jsonassert-1.5.0.jar:/home/familia/.m2/repository/com/vaadin/external/google/android-json/0.0.20131108.vaadin1/android-json-0.0.20131108.vaadin1.jar:/home/familia/.m2/repository/org/springframework/spring-core/5.2.0.BUILD-SNAPSHOT/spring-core-5.2.0.BUILD-SNAPSHOT.jar:/home/familia/.m2/repository/org/springframework/spring-jcl/5.2.0.BUILD-SNAPSHOT/spring-jcl-5.2.0.BUILD-SNAPSHOT.jar:/home/familia/.m2/repository/org/springframework/spring-test/5.2.0.BUILD-SNAPSHOT/spring-test-5.2.0.BUILD-SNAPSHOT.jar:/home/familia/.m2/repository/org/xmlunit/xmlunit-core/2.6.2/xmlunit-core-2.6.2.jar:/home/familia/.m2/repository/io/springfox/springfox-swagger2/2.9.2/springfox-swagger2-2.9.2.jar:/home/familia/.m2/repository/io/swagger/swagger-annotations/1.5.20/swagger-annotations-1.5.20.jar:/home/familia/.m2/repository/io/swagger/swagger-models/1.5.20/swagger-models-1.5.20.jar:/home/familia/.m2/repository/com/fasterxml/jackson/core/jackson-annotations/2.9.0/jackson-annotations-2.9.0.jar:/home/familia/.m2/repository/io/springfox/springfox-spi/2.9.2/springfox-spi-2.9.2.jar:/home/familia/.m2/repository/io/springfox/springfox-core/2.9.2/springfox-core-2.9.2.jar:/home/familia/.m2/repository/io/springfox/springfox-schema/2.9.2/springfox-schema-2.9.2.jar:/home/familia/.m2/repository/io/springfox/springfox-swagger-common/2.9.2/springfox-swagger-common-2.9.2.jar:/home/familia/.m2/repository/io/springfox/springfox-spring-web/2.9.2/springfox-spring-web-2.9.2.jar:/home/familia/.m2/repository/com/google/guava/guava/20.0/guava-20.0.jar:/home/familia/.m2/repository/com/fasterxml/classmate/1.5.0/classmate-1.5.0.jar:/home/familia/.m2/repository/org/springframework/plugin/spring-plugin-metadata/2.0.0.M1/spring-plugin-metadata-2.0.0.M1.jar:/home/familia/.m2/repository/org/mapstruct/mapstruct/1.2.0.Final/mapstruct-1.2.0.Final.jar:/home/familia/.m2/repository/io/springfox/springfox-swagger-ui/2.9.2/springfox-swagger-ui-2.9.2.jar:/home/familia/.m2/repository/org/apache/commons/commons-lang3/3.9/commons-lang3-3.9.jar:/home/familia/.m2/repository/org/springframework/boot/spring-boot-starter-data-jpa/2.2.0.BUILD-SNAPSHOT/spring-boot-starter-data-jpa-2.2.0.BUILD-SNAPSHOT.jar:/home/familia/.m2/repository/org/springframework/boot/spring-boot-starter-aop/2.2.0.BUILD-SNAPSHOT/spring-boot-starter-aop-2.2.0.BUILD-SNAPSHOT.jar:/home/familia/.m2/repository/org/aspectj/aspectjweaver/1.9.4/aspectjweaver-1.9.4.jar:/home/familia/.m2/repository/org/springframework/boot/spring-boot-starter-jdbc/2.2.0.BUILD-SNAPSHOT/spring-boot-starter-jdbc-2.2.0.BUILD-SNAPSHOT.jar:/home/familia/.m2/repository/com/zaxxer/HikariCP/3.3.1/HikariCP-3.3.1.jar:/home/familia/.m2/repository/org/springframework/spring-jdbc/5.2.0.BUILD-SNAPSHOT/spring-jdbc-5.2.0.BUILD-SNAPSHOT.jar:/home/familia/.m2/repository/jakarta/activation/jakarta.activation-api/1.2.1/jakarta.activation-api-1.2.1.jar:/home/familia/.m2/repository/jakarta/persistence/jakarta.persistence-api/2.2.2/jakarta.persistence-api-2.2.2.jar:/home/familia/.m2/repository/jakarta/transaction/jakarta.transaction-api/1.3.2/jakarta.transaction-api-1.3.2.jar:/home/familia/.m2/repository/org/hibernate/hibernate-core/5.4.3.Final/hibernate-core-5.4.3.Final.jar:/home/familia/.m2/repository/org/jboss/logging/jboss-logging/3.4.0.Final/jboss-logging-3.4.0.Final.jar:/home/familia/.m2/repository/org/javassist/javassist/3.24.0-GA/javassist-3.24.0-GA.jar:/home/familia/.m2/repository/antlr/antlr/2.7.7/antlr-2.7.7.jar:/home/familia/.m2/repository/org/jboss/jandex/2.0.5.Final/jandex-2.0.5.Final.jar:/home/familia/.m2/repository/org/dom4j/dom4j/2.1.1/dom4j-2.1.1.jar:/home/familia/.m2/repository/org/hibernate/common/hibernate-commons-annotations/5.1.0.Final/hibernate-commons-annotations-5.1.0.Final.jar:/home/familia/.m2/repository/org/glassfish/jaxb/jaxb-runtime/2.3.2/jaxb-runtime-2.3.2.jar:/home/familia/.m2/repository/org/glassfish/jaxb/txw2/2.3.2/txw2-2.3.2.jar:/home/familia/.m2/repository/com/sun/istack/istack-commons-runtime/3.0.8/istack-commons-runtime-3.0.8.jar:/home/familia/.m2/repository/org/jvnet/staxex/stax-ex/1.8.1/stax-ex-1.8.1.jar:/home/familia/.m2/repository/com/sun/xml/fastinfoset/FastInfoset/1.2.16/FastInfoset-1.2.16.jar:/home/familia/.m2/repository/org/springframework/data/spring-data-jpa/2.2.0.RC1/spring-data-jpa-2.2.0.RC1.jar:/home/familia/.m2/repository/org/springframework/data/spring-data-commons/2.2.0.RC1/spring-data-commons-2.2.0.RC1.jar:/home/familia/.m2/repository/org/springframework/spring-orm/5.2.0.BUILD-SNAPSHOT/spring-orm-5.2.0.BUILD-SNAPSHOT.jar:/home/familia/.m2/repository/org/springframework/spring-tx/5.2.0.BUILD-SNAPSHOT/spring-tx-5.2.0.BUILD-SNAPSHOT.jar:/home/familia/.m2/repository/org/springframework/spring-aspects/5.2.0.BUILD-SNAPSHOT/spring-aspects-5.2.0.BUILD-SNAPSHOT.jar:/home/familia/.m2/repository/org/projectlombok/lombok/1.18.8/lombok-1.18.8.jar:"/>
    <property name="java.vm.vendor" value="Oracle Corporation"/>
    <property name="sun.arch.data.model" value="64"/>
    <property name="java.vendor.url" value="http://java.oracle.com/"/>
    <property name="user.timezone" value=""/>
    <property name="java.vm.specification.version" value="11"/>
    <property name="os.name" value="Linux"/>
    <property name="sun.java.launcher" value="SUN_STANDARD"/>
    <property name="user.country" value="BR"/>
    <property name="sun.boot.library.path" value="/usr/lib/jvm/java-11-openjdk-amd64/lib"/>
    <property name="sun.java.command" value="/home/familia/Documentos/Estudos/Mercado-Online/mercado-online-api/target/surefire/surefirebooter17835473649172237713.jar /home/familia/Documentos/Estudos/Mercado-Online/mercado-online-api/target/surefire 2019-06-25T22-51-29_162-jvmRun1 surefire8997986790088611384tmp surefire_09718194430667877170tmp"/>
    <property name="jdk.debug" value="release"/>
    <property name="surefire.test.class.path" value="/home/familia/Documentos/Estudos/Mercado-Online/mercado-online-api/target/test-classes:/home/familia/Documentos/Estudos/Mercado-Online/mercado-online-api/target/classes:/home/familia/Documentos/Estudos/Mercado-Online/mercado-online-service/target/mercado-online-service-0.0.1-SNAPSHOT.jar:/home/familia/Documentos/Estudos/Mercado-Online/mercado-online-model/target/mercado-online-model-0.0.1-SNAPSHOT.jar:/home/familia/.m2/repository/org/hibernate/hibernate-java8/5.4.3.Final/hibernate-java8-5.4.3.Final.jar:/home/familia/.m2/repository/com/fasterxml/jackson/datatype/jackson-datatype-jsr310/2.9.9/jackson-datatype-jsr310-2.9.9.jar:/home/familia/.m2/repository/com/fasterxml/jackson/core/jackson-core/2.9.9/jackson-core-2.9.9.jar:/home/familia/.m2/repository/org/hibernate/hibernate-jpamodelgen/5.4.3.Final/hibernate-jpamodelgen-5.4.3.Final.jar:/home/familia/.m2/repository/javax/xml/bind/jaxb-api/2.3.1/jaxb-api-2.3.1.jar:/home/familia/.m2/repository/javax/activation/javax.activation-api/1.2.0/javax.activation-api-1.2.0.jar:/home/familia/.m2/repository/org/flywaydb/flyway-core/5.2.4/flyway-core-5.2.4.jar:/home/familia/.m2/repository/mysql/mysql-connector-java/8.0.16/mysql-connector-java-8.0.16.jar:/home/familia/.m2/repository/org/springframework/plugin/spring-plugin-core/1.2.0.RELEASE/spring-plugin-core-1.2.0.RELEASE.jar:/home/familia/.m2/repository/org/springframework/spring-beans/5.2.0.BUILD-SNAPSHOT/spring-beans-5.2.0.BUILD-SNAPSHOT.jar:/home/familia/.m2/repository/org/springframework/spring-context/5.2.0.BUILD-SNAPSHOT/spring-context-5.2.0.BUILD-SNAPSHOT.jar:/home/familia/.m2/repository/org/springframework/spring-expression/5.2.0.BUILD-SNAPSHOT/spring-expression-5.2.0.BUILD-SNAPSHOT.jar:/home/familia/.m2/repository/org/springframework/spring-aop/5.2.0.BUILD-SNAPSHOT/spring-aop-5.2.0.BUILD-SNAPSHOT.jar:/home/familia/.m2/repository/org/slf4j/slf4j-api/1.7.26/slf4j-api-1.7.26.jar:/home/familia/.m2/repository/org/springframework/boot/spring-boot-starter-web/2.2.0.BUILD-SNAPSHOT/spring-boot-starter-web-2.2.0.BUILD-SNAPSHOT.jar:/home/familia/.m2/repository/org/springframework/boot/spring-boot-starter/2.2.0.BUILD-SNAPSHOT/spring-boot-starter-2.2.0.BUILD-SNAPSHOT.jar:/home/familia/.m2/repository/org/springframework/boot/spring-boot-starter-logging/2.2.0.BUILD-SNAPSHOT/spring-boot-starter-logging-2.2.0.BUILD-SNAPSHOT.jar:/home/familia/.m2/repository/ch/qos/logback/logback-classic/1.2.3/logback-classic-1.2.3.jar:/home/familia/.m2/repository/ch/qos/logback/logback-core/1.2.3/logback-core-1.2.3.jar:/home/familia/.m2/repository/org/apache/logging/log4j/log4j-to-slf4j/2.11.2/log4j-to-slf4j-2.11.2.jar:/home/familia/.m2/repository/org/apache/logging/log4j/log4j-api/2.11.2/log4j-api-2.11.2.jar:/home/familia/.m2/repository/org/slf4j/jul-to-slf4j/1.7.26/jul-to-slf4j-1.7.26.jar:/home/familia/.m2/repository/jakarta/annotation/jakarta.annotation-api/1.3.4/jakarta.annotation-api-1.3.4.jar:/home/familia/.m2/repository/org/yaml/snakeyaml/1.24/snakeyaml-1.24.jar:/home/familia/.m2/repository/org/springframework/boot/spring-boot-starter-json/2.2.0.BUILD-SNAPSHOT/spring-boot-starter-json-2.2.0.BUILD-SNAPSHOT.jar:/home/familia/.m2/repository/com/fasterxml/jackson/core/jackson-databind/2.9.9/jackson-databind-2.9.9.jar:/home/familia/.m2/repository/com/fasterxml/jackson/datatype/jackson-datatype-jdk8/2.9.9/jackson-datatype-jdk8-2.9.9.jar:/home/familia/.m2/repository/com/fasterxml/jackson/module/jackson-module-parameter-names/2.9.9/jackson-module-parameter-names-2.9.9.jar:/home/familia/.m2/repository/org/springframework/boot/spring-boot-starter-tomcat/2.2.0.BUILD-SNAPSHOT/spring-boot-starter-tomcat-2.2.0.BUILD-SNAPSHOT.jar:/home/familia/.m2/repository/org/apache/tomcat/embed/tomcat-embed-core/9.0.21/tomcat-embed-core-9.0.21.jar:/home/familia/.m2/repository/org/apache/tomcat/embed/tomcat-embed-el/9.0.21/tomcat-embed-el-9.0.21.jar:/home/familia/.m2/repository/org/apache/tomcat/embed/tomcat-embed-websocket/9.0.21/tomcat-embed-websocket-9.0.21.jar:/home/familia/.m2/repository/org/springframework/boot/spring-boot-starter-validation/2.2.0.BUILD-SNAPSHOT/spring-boot-starter-validation-2.2.0.BUILD-SNAPSHOT.jar:/home/familia/.m2/repository/jakarta/validation/jakarta.validation-api/2.0.1/jakarta.validation-api-2.0.1.jar:/home/familia/.m2/repository/org/hibernate/validator/hibernate-validator/6.0.17.Final/hibernate-validator-6.0.17.Final.jar:/home/familia/.m2/repository/org/springframework/spring-web/5.2.0.BUILD-SNAPSHOT/spring-web-5.2.0.BUILD-SNAPSHOT.jar:/home/familia/.m2/repository/org/springframework/spring-webmvc/5.2.0.BUILD-SNAPSHOT/spring-webmvc-5.2.0.BUILD-SNAPSHOT.jar:/home/familia/.m2/repository/org/springframework/boot/spring-boot-devtools/2.2.0.BUILD-SNAPSHOT/spring-boot-devtools-2.2.0.BUILD-SNAPSHOT.jar:/home/familia/.m2/repository/org/springframework/boot/spring-boot/2.2.0.BUILD-SNAPSHOT/spring-boot-2.2.0.BUILD-SNAPSHOT.jar:/home/familia/.m2/repository/org/springframework/boot/spring-boot-autoconfigure/2.2.0.BUILD-SNAPSHOT/spring-boot-autoconfigure-2.2.0.BUILD-SNAPSHOT.jar:/home/familia/.m2/repository/org/springframework/boot/spring-boot-starter-test/2.2.0.BUILD-SNAPSHOT/spring-boot-starter-test-2.2.0.BUILD-SNAPSHOT.jar:/home/familia/.m2/repository/org/springframework/boot/spring-boot-test/2.2.0.BUILD-SNAPSHOT/spring-boot-test-2.2.0.BUILD-SNAPSHOT.jar:/home/familia/.m2/repository/org/springframework/boot/spring-boot-test-autoconfigure/2.2.0.BUILD-SNAPSHOT/spring-boot-test-autoconfigure-2.2.0.BUILD-SNAPSHOT.jar:/home/familia/.m2/repository/com/jayway/jsonpath/json-path/2.4.0/json-path-2.4.0.jar:/home/familia/.m2/repository/net/minidev/json-smart/2.3/json-smart-2.3.jar:/home/familia/.m2/repository/net/minidev/accessors-smart/1.2/accessors-smart-1.2.jar:/home/familia/.m2/repository/org/ow2/asm/asm/5.0.4/asm-5.0.4.jar:/home/familia/.m2/repository/jakarta/xml/bind/jakarta.xml.bind-api/2.3.2/jakarta.xml.bind-api-2.3.2.jar:/home/familia/.m2/repository/org/junit/jupiter/junit-jupiter/5.5.0-RC2/junit-jupiter-5.5.0-RC2.jar:/home/familia/.m2/repository/org/junit/jupiter/junit-jupiter-api/5.5.0-RC2/junit-jupiter-api-5.5.0-RC2.jar:/home/familia/.m2/repository/org/opentest4j/opentest4j/1.2.0/opentest4j-1.2.0.jar:/home/familia/.m2/repository/org/junit/platform/junit-platform-commons/1.5.0-RC2/junit-platform-commons-1.5.0-RC2.jar:/home/familia/.m2/repository/org/junit/jupiter/junit-jupiter-params/5.5.0-RC2/junit-jupiter-params-5.5.0-RC2.jar:/home/familia/.m2/repository/org/junit/jupiter/junit-jupiter-engine/5.5.0-RC2/junit-jupiter-engine-5.5.0-RC2.jar:/home/familia/.m2/repository/org/junit/vintage/junit-vintage-engine/5.5.0-RC2/junit-vintage-engine-5.5.0-RC2.jar:/home/familia/.m2/repository/org/apiguardian/apiguardian-api/1.1.0/apiguardian-api-1.1.0.jar:/home/familia/.m2/repository/org/junit/platform/junit-platform-engine/1.5.0-RC2/junit-platform-engine-1.5.0-RC2.jar:/home/familia/.m2/repository/junit/junit/4.12/junit-4.12.jar:/home/familia/.m2/repository/org/mockito/mockito-junit-jupiter/2.28.2/mockito-junit-jupiter-2.28.2.jar:/home/familia/.m2/repository/org/assertj/assertj-core/3.12.2/assertj-core-3.12.2.jar:/home/familia/.m2/repository/org/hamcrest/hamcrest/2.1/hamcrest-2.1.jar:/home/familia/.m2/repository/org/mockito/mockito-core/2.28.2/mockito-core-2.28.2.jar:/home/familia/.m2/repository/net/bytebuddy/byte-buddy/1.9.13/byte-buddy-1.9.13.jar:/home/familia/.m2/repository/net/bytebuddy/byte-buddy-agent/1.9.13/byte-buddy-agent-1.9.13.jar:/home/familia/.m2/repository/org/objenesis/objenesis/2.6/objenesis-2.6.jar:/home/familia/.m2/repository/org/skyscreamer/jsonassert/1.5.0/jsonassert-1.5.0.jar:/home/familia/.m2/repository/com/vaadin/external/google/android-json/0.0.20131108.vaadin1/android-json-0.0.20131108.vaadin1.jar:/home/familia/.m2/repository/org/springframework/spring-core/5.2.0.BUILD-SNAPSHOT/spring-core-5.2.0.BUILD-SNAPSHOT.jar:/home/familia/.m2/repository/org/springframework/spring-jcl/5.2.0.BUILD-SNAPSHOT/spring-jcl-5.2.0.BUILD-SNAPSHOT.jar:/home/familia/.m2/repository/org/springframework/spring-test/5.2.0.BUILD-SNAPSHOT/spring-test-5.2.0.BUILD-SNAPSHOT.jar:/home/familia/.m2/repository/org/xmlunit/xmlunit-core/2.6.2/xmlunit-core-2.6.2.jar:/home/familia/.m2/repository/io/springfox/springfox-swagger2/2.9.2/springfox-swagger2-2.9.2.jar:/home/familia/.m2/repository/io/swagger/swagger-annotations/1.5.20/swagger-annotations-1.5.20.jar:/home/familia/.m2/repository/io/swagger/swagger-models/1.5.20/swagger-models-1.5.20.jar:/home/familia/.m2/repository/com/fasterxml/jackson/core/jackson-annotations/2.9.0/jackson-annotations-2.9.0.jar:/home/familia/.m2/repository/io/springfox/springfox-spi/2.9.2/springfox-spi-2.9.2.jar:/home/familia/.m2/repository/io/springfox/springfox-core/2.9.2/springfox-core-2.9.2.jar:/home/familia/.m2/repository/io/springfox/springfox-schema/2.9.2/springfox-schema-2.9.2.jar:/home/familia/.m2/repository/io/springfox/springfox-swagger-common/2.9.2/springfox-swagger-common-2.9.2.jar:/home/familia/.m2/repository/io/springfox/springfox-spring-web/2.9.2/springfox-spring-web-2.9.2.jar:/home/familia/.m2/repository/com/google/guava/guava/20.0/guava-20.0.jar:/home/familia/.m2/repository/com/fasterxml/classmate/1.5.0/classmate-1.5.0.jar:/home/familia/.m2/repository/org/springframework/plugin/spring-plugin-metadata/2.0.0.M1/spring-plugin-metadata-2.0.0.M1.jar:/home/familia/.m2/repository/org/mapstruct/mapstruct/1.2.0.Final/mapstruct-1.2.0.Final.jar:/home/familia/.m2/repository/io/springfox/springfox-swagger-ui/2.9.2/springfox-swagger-ui-2.9.2.jar:/home/familia/.m2/repository/org/apache/commons/commons-lang3/3.9/commons-lang3-3.9.jar:/home/familia/.m2/repository/org/springframework/boot/spring-boot-starter-data-jpa/2.2.0.BUILD-SNAPSHOT/spring-boot-starter-data-jpa-2.2.0.BUILD-SNAPSHOT.jar:/home/familia/.m2/repository/org/springframework/boot/spring-boot-starter-aop/2.2.0.BUILD-SNAPSHOT/spring-boot-starter-aop-2.2.0.BUILD-SNAPSHOT.jar:/home/familia/.m2/repository/org/aspectj/aspectjweaver/1.9.4/aspectjweaver-1.9.4.jar:/home/familia/.m2/repository/org/springframework/boot/spring-boot-starter-jdbc/2.2.0.BUILD-SNAPSHOT/spring-boot-starter-jdbc-2.2.0.BUILD-SNAPSHOT.jar:/home/familia/.m2/repository/com/zaxxer/HikariCP/3.3.1/HikariCP-3.3.1.jar:/home/familia/.m2/repository/org/springframework/spring-jdbc/5.2.0.BUILD-SNAPSHOT/spring-jdbc-5.2.0.BUILD-SNAPSHOT.jar:/home/familia/.m2/repository/jakarta/activation/jakarta.activation-api/1.2.1/jakarta.activation-api-1.2.1.jar:/home/familia/.m2/repository/jakarta/persistence/jakarta.persistence-api/2.2.2/jakarta.persistence-api-2.2.2.jar:/home/familia/.m2/repository/jakarta/transaction/jakarta.transaction-api/1.3.2/jakarta.transaction-api-1.3.2.jar:/home/familia/.m2/repository/org/hibernate/hibernate-core/5.4.3.Final/hibernate-core-5.4.3.Final.jar:/home/familia/.m2/repository/org/jboss/logging/jboss-logging/3.4.0.Final/jboss-logging-3.4.0.Final.jar:/home/familia/.m2/repository/org/javassist/javassist/3.24.0-GA/javassist-3.24.0-GA.jar:/home/familia/.m2/repository/antlr/antlr/2.7.7/antlr-2.7.7.jar:/home/familia/.m2/repository/org/jboss/jandex/2.0.5.Final/jandex-2.0.5.Final.jar:/home/familia/.m2/repository/org/dom4j/dom4j/2.1.1/dom4j-2.1.1.jar:/home/familia/.m2/repository/org/hibernate/common/hibernate-commons-annotations/5.1.0.Final/hibernate-commons-annotations-5.1.0.Final.jar:/home/familia/.m2/repository/org/glassfish/jaxb/jaxb-runtime/2.3.2/jaxb-runtime-2.3.2.jar:/home/familia/.m2/repository/org/glassfish/jaxb/txw2/2.3.2/txw2-2.3.2.jar:/home/familia/.m2/repository/com/sun/istack/istack-commons-runtime/3.0.8/istack-commons-runtime-3.0.8.jar:/home/familia/.m2/repository/org/jvnet/staxex/stax-ex/1.8.1/stax-ex-1.8.1.jar:/home/familia/.m2/repository/com/sun/xml/fastinfoset/FastInfoset/1.2.16/FastInfoset-1.2.16.jar:/home/familia/.m2/repository/org/springframework/data/spring-data-jpa/2.2.0.RC1/spring-data-jpa-2.2.0.RC1.jar:/home/familia/.m2/repository/org/springframework/data/spring-data-commons/2.2.0.RC1/spring-data-commons-2.2.0.RC1.jar:/home/familia/.m2/repository/org/springframework/spring-orm/5.2.0.BUILD-SNAPSHOT/spring-orm-5.2.0.BUILD-SNAPSHOT.jar:/home/familia/.m2/repository/org/springframework/spring-tx/5.2.0.BUILD-SNAPSHOT/spring-tx-5.2.0.BUILD-SNAPSHOT.jar:/home/familia/.m2/repository/org/springframework/spring-aspects/5.2.0.BUILD-SNAPSHOT/spring-aspects-5.2.0.BUILD-SNAPSHOT.jar:/home/familia/.m2/repository/org/projectlombok/lombok/1.18.8/lombok-1.18.8.jar:"/>
    <property name="sun.cpu.endian" value="little"/>
    <property name="user.home" value="/home/familia"/>
    <property name="user.language" value="pt"/>
    <property name="java.specification.vendor" value="Oracle Corporation"/>
    <property name="java.version.date" value="2019-04-16"/>
    <property name="java.home" value="/usr/lib/jvm/java-11-openjdk-amd64"/>
    <property name="file.separator" value="/"/>
    <property name="basedir" value="/home/familia/Documentos/Estudos/Mercado-Online/mercado-online-api"/>
    <property name="java.vm.compressedOopsMode" value="32-bit"/>
    <property name="line.separator" value="&#10;"/>
    <property name="java.specification.name" value="Java Platform API Specification"/>
    <property name="java.vm.specification.vendor" value="Oracle Corporation"/>
    <property name="java.awt.graphicsenv" value="sun.awt.X11GraphicsEnvironment"/>
    <property name="surefire.real.class.path" value="/home/familia/Documentos/Estudos/Mercado-Online/mercado-online-api/target/surefire/surefirebooter17835473649172237713.jar"/>
    <property name="sun.management.compiler" value="HotSpot 64-Bit Tiered Compilers"/>
    <property name="java.runtime.version" value="11.0.3+7-Ubuntu-1ubuntu218.04.1"/>
    <property name="user.name" value="familia"/>
    <property name="path.separator" value=":"/>
    <property name="os.version" value="4.15.0-52-generic"/>
    <property name="java.runtime.name" value="OpenJDK Runtime Environment"/>
    <property name="file.encoding" value="UTF-8"/>
    <property name="java.vm.name" value="OpenJDK 64-Bit Server VM"/>
    <property name="localRepository" value="/home/familia/.m2/repository"/>
    <property name="java.vendor.url.bug" value="http://bugreport.java.com/bugreport/"/>
    <property name="java.io.tmpdir" value="/tmp"/>
    <property name="java.version" value="11.0.3"/>
    <property name="user.dir" value="/home/familia/Documentos/Estudos/Mercado-Online/mercado-online-api"/>
    <property name="os.arch" value="amd64"/>
    <property name="java.vm.specification.name" value="Java Virtual Machine Specification"/>
    <property name="java.awt.printerjob" value="sun.print.PSPrinterJob"/>
    <property name="sun.os.patch.level" value="unknown"/>
    <property name="java.library.path" value="/usr/java/packages/lib:/usr/lib/x86_64-linux-gnu/jni:/lib/x86_64-linux-gnu:/usr/lib/x86_64-linux-gnu:/usr/lib/jni:/lib:/usr/lib"/>
    <property name="java.vendor" value="Oracle Corporation"/>
    <property name="java.vm.info" value="mixed mode, sharing"/>
    <property name="java.vm.version" value="11.0.3+7-Ubuntu-1ubuntu218.04.1"/>
    <property name="sun.io.unicode.encoding" value="UnicodeLittle"/>
    <property name="java.class.version" value="55.0"/>
  </properties>
  <testcase name="contextLoads" classname="br.com.cris.mercadoonline.MercadoonlineApplicationTests" time="0.351"/>
</testsuite>