<?xml version="1.0" encoding="UTF-8"?>
<testsuite xmlns:xsi="http://www.w3.org/2001/XMLSchema-instance" xsi:noNamespaceSchemaLocation="https://maven.apache.org/surefire/maven-surefire-plugin/xsd/surefire-test-report.xsd" name="br.com.cris.mercadoonline.MercadoonlineApplicationTests" time="18.184" tests="1" errors="0" skipped="0" failures="0">
  <properties>
    <property name="sun.desktop" value="gnome"/>
    <property name="awt.toolkit" value="sun.awt.X11.XToolkit"/>
    <property name="file.encoding.pkg" value="sun.io"/>
    <property name="java.specification.version" value="1.8"/>
    <property name="sun.cpu.isalist" value=""/>
    <property name="sun.jnu.encoding" value="UTF-8"/>
    <property name="java.class.path" value="/home/diegodejcordeiro/Study/workspace/mercadoonline/target/test-classes:/home/diegodejcordeiro/Study/workspace/mercadoonline/target/classes:/home/diegodejcordeiro/.m2/repository/mysql/mysql-connector-java/8.0.16/mysql-connector-java-8.0.16.jar:/home/diegodejcordeiro/.m2/repository/org/springframework/plugin/spring-plugin-core/1.2.0.RELEASE/spring-plugin-core-1.2.0.RELEASE.jar:/home/diegodejcordeiro/.m2/repository/org/springframework/spring-beans/5.2.0.M2/spring-beans-5.2.0.M2.jar:/home/diegodejcordeiro/.m2/repository/org/springframework/spring-context/5.2.0.M2/spring-context-5.2.0.M2.jar:/home/diegodejcordeiro/.m2/repository/org/springframework/spring-expression/5.2.0.M2/spring-expression-5.2.0.M2.jar:/home/diegodejcordeiro/.m2/repository/org/springframework/spring-aop/5.2.0.M2/spring-aop-5.2.0.M2.jar:/home/diegodejcordeiro/.m2/repository/org/slf4j/slf4j-api/1.7.26/slf4j-api-1.7.26.jar:/home/diegodejcordeiro/.m2/repository/org/springframework/boot/spring-boot-starter-data-jpa/2.2.0.BUILD-SNAPSHOT/spring-boot-starter-data-jpa-2.2.0.BUILD-SNAPSHOT.jar:/home/diegodejcordeiro/.m2/repository/org/springframework/boot/spring-boot-starter-aop/2.2.0.BUILD-SNAPSHOT/spring-boot-starter-aop-2.2.0.BUILD-SNAPSHOT.jar:/home/diegodejcordeiro/.m2/repository/org/aspectj/aspectjweaver/1.9.4/aspectjweaver-1.9.4.jar:/home/diegodejcordeiro/.m2/repository/org/springframework/boot/spring-boot-starter-jdbc/2.2.0.BUILD-SNAPSHOT/spring-boot-starter-jdbc-2.2.0.BUILD-SNAPSHOT.jar:/home/diegodejcordeiro/.m2/repository/com/zaxxer/HikariCP/3.3.1/HikariCP-3.3.1.jar:/home/diegodejcordeiro/.m2/repository/org/springframework/spring-jdbc/5.2.0.M2/spring-jdbc-5.2.0.M2.jar:/home/diegodejcordeiro/.m2/repository/jakarta/activation/jakarta.activation-api/1.2.1/jakarta.activation-api-1.2.1.jar:/home/diegodejcordeiro/.m2/repository/jakarta/persistence/jakarta.persistence-api/2.2.2/jakarta.persistence-api-2.2.2.jar:/home/diegodejcordeiro/.m2/repository/jakarta/transaction/jakarta.transaction-api/1.3.2/jakarta.transaction-api-1.3.2.jar:/home/diegodejcordeiro/.m2/repository/org/hibernate/hibernate-core/5.4.2.Final/hibernate-core-5.4.2.Final.jar:/home/diegodejcordeiro/.m2/repository/org/javassist/javassist/3.24.0-GA/javassist-3.24.0-GA.jar:/home/diegodejcordeiro/.m2/repository/net/bytebuddy/byte-buddy/1.9.12/byte-buddy-1.9.12.jar:/home/diegodejcordeiro/.m2/repository/antlr/antlr/2.7.7/antlr-2.7.7.jar:/home/diegodejcordeiro/.m2/repository/org/jboss/jandex/2.0.5.Final/jandex-2.0.5.Final.jar:/home/diegodejcordeiro/.m2/repository/org/dom4j/dom4j/2.1.1/dom4j-2.1.1.jar:/home/diegodejcordeiro/.m2/repository/org/hibernate/common/hibernate-commons-annotations/5.1.0.Final/hibernate-commons-annotations-5.1.0.Final.jar:/home/diegodejcordeiro/.m2/repository/org/springframework/data/spring-data-jpa/2.2.0.M4/spring-data-jpa-2.2.0.M4.jar:/home/diegodejcordeiro/.m2/repository/org/springframework/data/spring-data-commons/2.2.0.M4/spring-data-commons-2.2.0.M4.jar:/home/diegodejcordeiro/.m2/repository/org/springframework/spring-orm/5.2.0.M2/spring-orm-5.2.0.M2.jar:/home/diegodejcordeiro/.m2/repository/org/springframework/spring-tx/5.2.0.M2/spring-tx-5.2.0.M2.jar:/home/diegodejcordeiro/.m2/repository/org/springframework/spring-aspects/5.2.0.M2/spring-aspects-5.2.0.M2.jar:/home/diegodejcordeiro/.m2/repository/org/springframework/boot/spring-boot-starter-web/2.2.0.BUILD-SNAPSHOT/spring-boot-starter-web-2.2.0.BUILD-SNAPSHOT.jar:/home/diegodejcordeiro/.m2/repository/org/springframework/boot/spring-boot-starter/2.2.0.BUILD-SNAPSHOT/spring-boot-starter-2.2.0.BUILD-SNAPSHOT.jar:/home/diegodejcordeiro/.m2/repository/org/springframework/boot/spring-boot-starter-logging/2.2.0.BUILD-SNAPSHOT/spring-boot-starter-logging-2.2.0.BUILD-SNAPSHOT.jar:/home/diegodejcordeiro/.m2/repository/ch/qos/logback/logback-classic/1.2.3/logback-classic-1.2.3.jar:/home/diegodejcordeiro/.m2/repository/ch/qos/logback/logback-core/1.2.3/logback-core-1.2.3.jar:/home/diegodejcordeiro/.m2/repository/org/apache/logging/log4j/log4j-to-slf4j/2.11.2/log4j-to-slf4j-2.11.2.jar:/home/diegodejcordeiro/.m2/repository/org/apache/logging/log4j/log4j-api/2.11.2/log4j-api-2.11.2.jar:/home/diegodejcordeiro/.m2/repository/org/slf4j/jul-to-slf4j/1.7.26/jul-to-slf4j-1.7.26.jar:/home/diegodejcordeiro/.m2/repository/jakarta/annotation/jakarta.annotation-api/1.3.4/jakarta.annotation-api-1.3.4.jar:/home/diegodejcordeiro/.m2/repository/org/yaml/snakeyaml/1.24/snakeyaml-1.24.jar:/home/diegodejcordeiro/.m2/repository/org/springframework/boot/spring-boot-starter-json/2.2.0.BUILD-SNAPSHOT/spring-boot-starter-json-2.2.0.BUILD-SNAPSHOT.jar:/home/diegodejcordeiro/.m2/repository/com/fasterxml/jackson/datatype/jackson-datatype-jdk8/2.9.8/jackson-datatype-jdk8-2.9.8.jar:/home/diegodejcordeiro/.m2/repository/com/fasterxml/jackson/module/jackson-module-parameter-names/2.9.8/jackson-module-parameter-names-2.9.8.jar:/home/diegodejcordeiro/.m2/repository/org/springframework/boot/spring-boot-starter-tomcat/2.2.0.BUILD-SNAPSHOT/spring-boot-starter-tomcat-2.2.0.BUILD-SNAPSHOT.jar:/home/diegodejcordeiro/.m2/repository/org/apache/tomcat/embed/tomcat-embed-core/9.0.19/tomcat-embed-core-9.0.19.jar:/home/diegodejcordeiro/.m2/repository/org/apache/tomcat/embed/tomcat-embed-el/9.0.19/tomcat-embed-el-9.0.19.jar:/home/diegodejcordeiro/.m2/repository/org/apache/tomcat/embed/tomcat-embed-websocket/9.0.19/tomcat-embed-websocket-9.0.19.jar:/home/diegodejcordeiro/.m2/repository/org/springframework/boot/spring-boot-starter-validation/2.2.0.BUILD-SNAPSHOT/spring-boot-starter-validation-2.2.0.BUILD-SNAPSHOT.jar:/home/diegodejcordeiro/.m2/repository/jakarta/validation/jakarta.validation-api/2.0.1/jakarta.validation-api-2.0.1.jar:/home/diegodejcordeiro/.m2/repository/org/hibernate/validator/hibernate-validator/6.0.16.Final/hibernate-validator-6.0.16.Final.jar:/home/diegodejcordeiro/.m2/repository/org/springframework/spring-web/5.2.0.M2/spring-web-5.2.0.M2.jar:/home/diegodejcordeiro/.m2/repository/org/springframework/spring-webmvc/5.2.0.M2/spring-webmvc-5.2.0.M2.jar:/home/diegodejcordeiro/.m2/repository/org/flywaydb/flyway-core/5.2.4/flyway-core-5.2.4.jar:/home/diegodejcordeiro/.m2/repository/org/springframework/boot/spring-boot-devtools/2.2.0.BUILD-SNAPSHOT/spring-boot-devtools-2.2.0.BUILD-SNAPSHOT.jar:/home/diegodejcordeiro/.m2/repository/org/springframework/boot/spring-boot/2.2.0.BUILD-SNAPSHOT/spring-boot-2.2.0.BUILD-SNAPSHOT.jar:/home/diegodejcordeiro/.m2/repository/org/springframework/boot/spring-boot-autoconfigure/2.2.0.BUILD-SNAPSHOT/spring-boot-autoconfigure-2.2.0.BUILD-SNAPSHOT.jar:/home/diegodejcordeiro/.m2/repository/org/springframework/boot/spring-boot-starter-test/2.2.0.BUILD-SNAPSHOT/spring-boot-starter-test-2.2.0.BUILD-SNAPSHOT.jar:/home/diegodejcordeiro/.m2/repository/org/springframework/boot/spring-boot-test/2.2.0.BUILD-SNAPSHOT/spring-boot-test-2.2.0.BUILD-SNAPSHOT.jar:/home/diegodejcordeiro/.m2/repository/org/springframework/boot/spring-boot-test-autoconfigure/2.2.0.BUILD-SNAPSHOT/spring-boot-test-autoconfigure-2.2.0.BUILD-SNAPSHOT.jar:/home/diegodejcordeiro/.m2/repository/com/jayway/jsonpath/json-path/2.4.0/json-path-2.4.0.jar:/home/diegodejcordeiro/.m2/repository/net/minidev/json-smart/2.3/json-smart-2.3.jar:/home/diegodejcordeiro/.m2/repository/net/minidev/accessors-smart/1.2/accessors-smart-1.2.jar:/home/diegodejcordeiro/.m2/repository/org/ow2/asm/asm/5.0.4/asm-5.0.4.jar:/home/diegodejcordeiro/.m2/repository/jakarta/xml/bind/jakarta.xml.bind-api/2.3.2/jakarta.xml.bind-api-2.3.2.jar:/home/diegodejcordeiro/.m2/repository/org/junit/jupiter/junit-jupiter/5.4.2/junit-jupiter-5.4.2.jar:/home/diegodejcordeiro/.m2/repository/org/junit/jupiter/junit-jupiter-api/5.4.2/junit-jupiter-api-5.4.2.jar:/home/diegodejcordeiro/.m2/repository/org/opentest4j/opentest4j/1.1.1/opentest4j-1.1.1.jar:/home/diegodejcordeiro/.m2/repository/org/junit/platform/junit-platform-commons/1.4.2/junit-platform-commons-1.4.2.jar:/home/diegodejcordeiro/.m2/repository/org/junit/jupiter/junit-jupiter-params/5.4.2/junit-jupiter-params-5.4.2.jar:/home/diegodejcordeiro/.m2/repository/org/junit/jupiter/junit-jupiter-engine/5.4.2/junit-jupiter-engine-5.4.2.jar:/home/diegodejcordeiro/.m2/repository/org/junit/vintage/junit-vintage-engine/5.4.2/junit-vintage-engine-5.4.2.jar:/home/diegodejcordeiro/.m2/repository/org/apiguardian/apiguardian-api/1.0.0/apiguardian-api-1.0.0.jar:/home/diegodejcordeiro/.m2/repository/org/junit/platform/junit-platform-engine/1.4.2/junit-platform-engine-1.4.2.jar:/home/diegodejcordeiro/.m2/repository/junit/junit/4.12/junit-4.12.jar:/home/diegodejcordeiro/.m2/repository/org/mockito/mockito-junit-jupiter/2.27.0/mockito-junit-jupiter-2.27.0.jar:/home/diegodejcordeiro/.m2/repository/org/assertj/assertj-core/3.12.2/assertj-core-3.12.2.jar:/home/diegodejcordeiro/.m2/repository/org/hamcrest/hamcrest-core/1.3/hamcrest-core-1.3.jar:/home/diegodejcordeiro/.m2/repository/org/hamcrest/hamcrest-library/1.3/hamcrest-library-1.3.jar:/home/diegodejcordeiro/.m2/repository/org/mockito/mockito-core/2.27.0/mockito-core-2.27.0.jar:/home/diegodejcordeiro/.m2/repository/net/bytebuddy/byte-buddy-agent/1.9.12/byte-buddy-agent-1.9.12.jar:/home/diegodejcordeiro/.m2/repository/org/objenesis/objenesis/2.6/objenesis-2.6.jar:/home/diegodejcordeiro/.m2/repository/org/skyscreamer/jsonassert/1.5.0/jsonassert-1.5.0.jar:/home/diegodejcordeiro/.m2/repository/com/vaadin/external/google/android-json/0.0.20131108.vaadin1/android-json-0.0.20131108.vaadin1.jar:/home/diegodejcordeiro/.m2/repository/org/springframework/spring-core/5.2.0.M2/spring-core-5.2.0.M2.jar:/home/diegodejcordeiro/.m2/repository/org/springframework/spring-jcl/5.2.0.M2/spring-jcl-5.2.0.M2.jar:/home/diegodejcordeiro/.m2/repository/org/springframework/spring-test/5.2.0.M2/spring-test-5.2.0.M2.jar:/home/diegodejcordeiro/.m2/repository/org/xmlunit/xmlunit-core/2.6.2/xmlunit-core-2.6.2.jar:/home/diegodejcordeiro/.m2/repository/io/springfox/springfox-swagger2/2.9.2/springfox-swagger2-2.9.2.jar:/home/diegodejcordeiro/.m2/repository/io/swagger/swagger-annotations/1.5.20/swagger-annotations-1.5.20.jar:/home/diegodejcordeiro/.m2/repository/io/swagger/swagger-models/1.5.20/swagger-models-1.5.20.jar:/home/diegodejcordeiro/.m2/repository/io/springfox/springfox-spi/2.9.2/springfox-spi-2.9.2.jar:/home/diegodejcordeiro/.m2/repository/io/springfox/springfox-core/2.9.2/springfox-core-2.9.2.jar:/home/diegodejcordeiro/.m2/repository/io/springfox/springfox-schema/2.9.2/springfox-schema-2.9.2.jar:/home/diegodejcordeiro/.m2/repository/io/springfox/springfox-swagger-common/2.9.2/springfox-swagger-common-2.9.2.jar:/home/diegodejcordeiro/.m2/repository/io/springfox/springfox-spring-web/2.9.2/springfox-spring-web-2.9.2.jar:/home/diegodejcordeiro/.m2/repository/com/google/guava/guava/20.0/guava-20.0.jar:/home/diegodejcordeiro/.m2/repository/com/fasterxml/classmate/1.5.0/classmate-1.5.0.jar:/home/diegodejcordeiro/.m2/repository/org/springframework/plugin/spring-plugin-metadata/2.0.0.M1/spring-plugin-metadata-2.0.0.M1.jar:/home/diegodejcordeiro/.m2/repository/org/mapstruct/mapstruct/1.2.0.Final/mapstruct-1.2.0.Final.jar:/home/diegodejcordeiro/.m2/repository/io/springfox/springfox-swagger-ui/2.9.2/springfox-swagger-ui-2.9.2.jar:/home/diegodejcordeiro/.m2/repository/org/projectlombok/lombok/1.18.8/lombok-1.18.8.jar:/home/diegodejcordeiro/.m2/repository/org/hibernate/hibernate-java8/5.4.2.Final/hibernate-java8-5.4.2.Final.jar:/home/diegodejcordeiro/.m2/repository/org/jboss/logging/jboss-logging/3.3.2.Final/jboss-logging-3.3.2.Final.jar:/home/diegodejcordeiro/.m2/repository/com/fasterxml/jackson/datatype/jackson-datatype-jsr310/2.9.8/jackson-datatype-jsr310-2.9.8.jar:/home/diegodejcordeiro/.m2/repository/com/fasterxml/jackson/core/jackson-annotations/2.9.0/jackson-annotations-2.9.0.jar:/home/diegodejcordeiro/.m2/repository/com/fasterxml/jackson/core/jackson-core/2.9.8/jackson-core-2.9.8.jar:/home/diegodejcordeiro/.m2/repository/com/fasterxml/jackson/core/jackson-databind/2.9.8/jackson-databind-2.9.8.jar:/home/diegodejcordeiro/.m2/repository/org/apache/commons/commons-lang3/3.9/commons-lang3-3.9.jar:/home/diegodejcordeiro/.m2/repository/org/hibernate/hibernate-jpamodelgen/5.4.2.Final/hibernate-jpamodelgen-5.4.2.Final.jar:/home/diegodejcordeiro/.m2/repository/javax/xml/bind/jaxb-api/2.3.1/jaxb-api-2.3.1.jar:/home/diegodejcordeiro/.m2/repository/javax/activation/javax.activation-api/1.2.0/javax.activation-api-1.2.0.jar:/home/diegodejcordeiro/.m2/repository/org/glassfish/jaxb/jaxb-runtime/2.3.2/jaxb-runtime-2.3.2.jar:/home/diegodejcordeiro/.m2/repository/org/glassfish/jaxb/txw2/2.3.2/txw2-2.3.2.jar:/home/diegodejcordeiro/.m2/repository/com/sun/istack/istack-commons-runtime/3.0.8/istack-commons-runtime-3.0.8.jar:/home/diegodejcordeiro/.m2/repository/org/jvnet/staxex/stax-ex/1.8.1/stax-ex-1.8.1.jar:/home/diegodejcordeiro/.m2/repository/com/sun/xml/fastinfoset/FastInfoset/1.2.16/FastInfoset-1.2.16.jar:"/>
    <property name="java.vm.vendor" value="Oracle Corporation"/>
    <property name="sun.arch.data.model" value="64"/>
    <property name="java.vendor.url" value="http://java.oracle.com/"/>
    <property name="user.timezone" value=""/>
    <property name="user.country.format" value="BR"/>
    <property name="java.vm.specification.version" value="1.8"/>
    <property name="os.name" value="Linux"/>
    <property name="user.country" value="US"/>
    <property name="sun.java.launcher" value="SUN_STANDARD"/>
    <property name="sun.boot.library.path" value="/home/diegodejcordeiro/Work_tools/jdk-8u201-linux-x64/jdk1.8.0_201/jre/lib/amd64"/>
    <property name="sun.java.command" value="/home/diegodejcordeiro/Study/workspace/mercadoonline/target/surefire/surefirebooter1948437553070808954.jar /home/diegodejcordeiro/Study/workspace/mercadoonline/target/surefire 2019-05-20T11-10-34_478-jvmRun1 surefire7142755640412451932tmp surefire_03066327079115709238tmp"/>
    <property name="surefire.test.class.path" value="/home/diegodejcordeiro/Study/workspace/mercadoonline/target/test-classes:/home/diegodejcordeiro/Study/workspace/mercadoonline/target/classes:/home/diegodejcordeiro/.m2/repository/mysql/mysql-connector-java/8.0.16/mysql-connector-java-8.0.16.jar:/home/diegodejcordeiro/.m2/repository/org/springframework/plugin/spring-plugin-core/1.2.0.RELEASE/spring-plugin-core-1.2.0.RELEASE.jar:/home/diegodejcordeiro/.m2/repository/org/springframework/spring-beans/5.2.0.M2/spring-beans-5.2.0.M2.jar:/home/diegodejcordeiro/.m2/repository/org/springframework/spring-context/5.2.0.M2/spring-context-5.2.0.M2.jar:/home/diegodejcordeiro/.m2/repository/org/springframework/spring-expression/5.2.0.M2/spring-expression-5.2.0.M2.jar:/home/diegodejcordeiro/.m2/repository/org/springframework/spring-aop/5.2.0.M2/spring-aop-5.2.0.M2.jar:/home/diegodejcordeiro/.m2/repository/org/slf4j/slf4j-api/1.7.26/slf4j-api-1.7.26.jar:/home/diegodejcordeiro/.m2/repository/org/springframework/boot/spring-boot-starter-data-jpa/2.2.0.BUILD-SNAPSHOT/spring-boot-starter-data-jpa-2.2.0.BUILD-SNAPSHOT.jar:/home/diegodejcordeiro/.m2/repository/org/springframework/boot/spring-boot-starter-aop/2.2.0.BUILD-SNAPSHOT/spring-boot-starter-aop-2.2.0.BUILD-SNAPSHOT.jar:/home/diegodejcordeiro/.m2/repository/org/aspectj/aspectjweaver/1.9.4/aspectjweaver-1.9.4.jar:/home/diegodejcordeiro/.m2/repository/org/springframework/boot/spring-boot-starter-jdbc/2.2.0.BUILD-SNAPSHOT/spring-boot-starter-jdbc-2.2.0.BUILD-SNAPSHOT.jar:/home/diegodejcordeiro/.m2/repository/com/zaxxer/HikariCP/3.3.1/HikariCP-3.3.1.jar:/home/diegodejcordeiro/.m2/repository/org/springframework/spring-jdbc/5.2.0.M2/spring-jdbc-5.2.0.M2.jar:/home/diegodejcordeiro/.m2/repository/jakarta/activation/jakarta.activation-api/1.2.1/jakarta.activation-api-1.2.1.jar:/home/diegodejcordeiro/.m2/repository/jakarta/persistence/jakarta.persistence-api/2.2.2/jakarta.persistence-api-2.2.2.jar:/home/diegodejcordeiro/.m2/repository/jakarta/transaction/jakarta.transaction-api/1.3.2/jakarta.transaction-api-1.3.2.jar:/home/diegodejcordeiro/.m2/repository/org/hibernate/hibernate-core/5.4.2.Final/hibernate-core-5.4.2.Final.jar:/home/diegodejcordeiro/.m2/repository/org/javassist/javassist/3.24.0-GA/javassist-3.24.0-GA.jar:/home/diegodejcordeiro/.m2/repository/net/bytebuddy/byte-buddy/1.9.12/byte-buddy-1.9.12.jar:/home/diegodejcordeiro/.m2/repository/antlr/antlr/2.7.7/antlr-2.7.7.jar:/home/diegodejcordeiro/.m2/repository/org/jboss/jandex/2.0.5.Final/jandex-2.0.5.Final.jar:/home/diegodejcordeiro/.m2/repository/org/dom4j/dom4j/2.1.1/dom4j-2.1.1.jar:/home/diegodejcordeiro/.m2/repository/org/hibernate/common/hibernate-commons-annotations/5.1.0.Final/hibernate-commons-annotations-5.1.0.Final.jar:/home/diegodejcordeiro/.m2/repository/org/springframework/data/spring-data-jpa/2.2.0.M4/spring-data-jpa-2.2.0.M4.jar:/home/diegodejcordeiro/.m2/repository/org/springframework/data/spring-data-commons/2.2.0.M4/spring-data-commons-2.2.0.M4.jar:/home/diegodejcordeiro/.m2/repository/org/springframework/spring-orm/5.2.0.M2/spring-orm-5.2.0.M2.jar:/home/diegodejcordeiro/.m2/repository/org/springframework/spring-tx/5.2.0.M2/spring-tx-5.2.0.M2.jar:/home/diegodejcordeiro/.m2/repository/org/springframework/spring-aspects/5.2.0.M2/spring-aspects-5.2.0.M2.jar:/home/diegodejcordeiro/.m2/repository/org/springframework/boot/spring-boot-starter-web/2.2.0.BUILD-SNAPSHOT/spring-boot-starter-web-2.2.0.BUILD-SNAPSHOT.jar:/home/diegodejcordeiro/.m2/repository/org/springframework/boot/spring-boot-starter/2.2.0.BUILD-SNAPSHOT/spring-boot-starter-2.2.0.BUILD-SNAPSHOT.jar:/home/diegodejcordeiro/.m2/repository/org/springframework/boot/spring-boot-starter-logging/2.2.0.BUILD-SNAPSHOT/spring-boot-starter-logging-2.2.0.BUILD-SNAPSHOT.jar:/home/diegodejcordeiro/.m2/repository/ch/qos/logback/logback-classic/1.2.3/logback-classic-1.2.3.jar:/home/diegodejcordeiro/.m2/repository/ch/qos/logback/logback-core/1.2.3/logback-core-1.2.3.jar:/home/diegodejcordeiro/.m2/repository/org/apache/logging/log4j/log4j-to-slf4j/2.11.2/log4j-to-slf4j-2.11.2.jar:/home/diegodejcordeiro/.m2/repository/org/apache/logging/log4j/log4j-api/2.11.2/log4j-api-2.11.2.jar:/home/diegodejcordeiro/.m2/repository/org/slf4j/jul-to-slf4j/1.7.26/jul-to-slf4j-1.7.26.jar:/home/diegodejcordeiro/.m2/repository/jakarta/annotation/jakarta.annotation-api/1.3.4/jakarta.annotation-api-1.3.4.jar:/home/diegodejcordeiro/.m2/repository/org/yaml/snakeyaml/1.24/snakeyaml-1.24.jar:/home/diegodejcordeiro/.m2/repository/org/springframework/boot/spring-boot-starter-json/2.2.0.BUILD-SNAPSHOT/spring-boot-starter-json-2.2.0.BUILD-SNAPSHOT.jar:/home/diegodejcordeiro/.m2/repository/com/fasterxml/jackson/datatype/jackson-datatype-jdk8/2.9.8/jackson-datatype-jdk8-2.9.8.jar:/home/diegodejcordeiro/.m2/repository/com/fasterxml/jackson/module/jackson-module-parameter-names/2.9.8/jackson-module-parameter-names-2.9.8.jar:/home/diegodejcordeiro/.m2/repository/org/springframework/boot/spring-boot-starter-tomcat/2.2.0.BUILD-SNAPSHOT/spring-boot-starter-tomcat-2.2.0.BUILD-SNAPSHOT.jar:/home/diegodejcordeiro/.m2/repository/org/apache/tomcat/embed/tomcat-embed-core/9.0.19/tomcat-embed-core-9.0.19.jar:/home/diegodejcordeiro/.m2/repository/org/apache/tomcat/embed/tomcat-embed-el/9.0.19/tomcat-embed-el-9.0.19.jar:/home/diegodejcordeiro/.m2/repository/org/apache/tomcat/embed/tomcat-embed-websocket/9.0.19/tomcat-embed-websocket-9.0.19.jar:/home/diegodejcordeiro/.m2/repository/org/springframework/boot/spring-boot-starter-validation/2.2.0.BUILD-SNAPSHOT/spring-boot-starter-validation-2.2.0.BUILD-SNAPSHOT.jar:/home/diegodejcordeiro/.m2/repository/jakarta/validation/jakarta.validation-api/2.0.1/jakarta.validation-api-2.0.1.jar:/home/diegodejcordeiro/.m2/repository/org/hibernate/validator/hibernate-validator/6.0.16.Final/hibernate-validator-6.0.16.Final.jar:/home/diegodejcordeiro/.m2/repository/org/springframework/spring-web/5.2.0.M2/spring-web-5.2.0.M2.jar:/home/diegodejcordeiro/.m2/repository/org/springframework/spring-webmvc/5.2.0.M2/spring-webmvc-5.2.0.M2.jar:/home/diegodejcordeiro/.m2/repository/org/flywaydb/flyway-core/5.2.4/flyway-core-5.2.4.jar:/home/diegodejcordeiro/.m2/repository/org/springframework/boot/spring-boot-devtools/2.2.0.BUILD-SNAPSHOT/spring-boot-devtools-2.2.0.BUILD-SNAPSHOT.jar:/home/diegodejcordeiro/.m2/repository/org/springframework/boot/spring-boot/2.2.0.BUILD-SNAPSHOT/spring-boot-2.2.0.BUILD-SNAPSHOT.jar:/home/diegodejcordeiro/.m2/repository/org/springframework/boot/spring-boot-autoconfigure/2.2.0.BUILD-SNAPSHOT/spring-boot-autoconfigure-2.2.0.BUILD-SNAPSHOT.jar:/home/diegodejcordeiro/.m2/repository/org/springframework/boot/spring-boot-starter-test/2.2.0.BUILD-SNAPSHOT/spring-boot-starter-test-2.2.0.BUILD-SNAPSHOT.jar:/home/diegodejcordeiro/.m2/repository/org/springframework/boot/spring-boot-test/2.2.0.BUILD-SNAPSHOT/spring-boot-test-2.2.0.BUILD-SNAPSHOT.jar:/home/diegodejcordeiro/.m2/repository/org/springframework/boot/spring-boot-test-autoconfigure/2.2.0.BUILD-SNAPSHOT/spring-boot-test-autoconfigure-2.2.0.BUILD-SNAPSHOT.jar:/home/diegodejcordeiro/.m2/repository/com/jayway/jsonpath/json-path/2.4.0/json-path-2.4.0.jar:/home/diegodejcordeiro/.m2/repository/net/minidev/json-smart/2.3/json-smart-2.3.jar:/home/diegodejcordeiro/.m2/repository/net/minidev/accessors-smart/1.2/accessors-smart-1.2.jar:/home/diegodejcordeiro/.m2/repository/org/ow2/asm/asm/5.0.4/asm-5.0.4.jar:/home/diegodejcordeiro/.m2/repository/jakarta/xml/bind/jakarta.xml.bind-api/2.3.2/jakarta.xml.bind-api-2.3.2.jar:/home/diegodejcordeiro/.m2/repository/org/junit/jupiter/junit-jupiter/5.4.2/junit-jupiter-5.4.2.jar:/home/diegodejcordeiro/.m2/repository/org/junit/jupiter/junit-jupiter-api/5.4.2/junit-jupiter-api-5.4.2.jar:/home/diegodejcordeiro/.m2/repository/org/opentest4j/opentest4j/1.1.1/opentest4j-1.1.1.jar:/home/diegodejcordeiro/.m2/repository/org/junit/platform/junit-platform-commons/1.4.2/junit-platform-commons-1.4.2.jar:/home/diegodejcordeiro/.m2/repository/org/junit/jupiter/junit-jupiter-params/5.4.2/junit-jupiter-params-5.4.2.jar:/home/diegodejcordeiro/.m2/repository/org/junit/jupiter/junit-jupiter-engine/5.4.2/junit-jupiter-engine-5.4.2.jar:/home/diegodejcordeiro/.m2/repository/org/junit/vintage/junit-vintage-engine/5.4.2/junit-vintage-engine-5.4.2.jar:/home/diegodejcordeiro/.m2/repository/org/apiguardian/apiguardian-api/1.0.0/apiguardian-api-1.0.0.jar:/home/diegodejcordeiro/.m2/repository/org/junit/platform/junit-platform-engine/1.4.2/junit-platform-engine-1.4.2.jar:/home/diegodejcordeiro/.m2/repository/junit/junit/4.12/junit-4.12.jar:/home/diegodejcordeiro/.m2/repository/org/mockito/mockito-junit-jupiter/2.27.0/mockito-junit-jupiter-2.27.0.jar:/home/diegodejcordeiro/.m2/repository/org/assertj/assertj-core/3.12.2/assertj-core-3.12.2.jar:/home/diegodejcordeiro/.m2/repository/org/hamcrest/hamcrest-core/1.3/hamcrest-core-1.3.jar:/home/diegodejcordeiro/.m2/repository/org/hamcrest/hamcrest-library/1.3/hamcrest-library-1.3.jar:/home/diegodejcordeiro/.m2/repository/org/mockito/mockito-core/2.27.0/mockito-core-2.27.0.jar:/home/diegodejcordeiro/.m2/repository/net/bytebuddy/byte-buddy-agent/1.9.12/byte-buddy-agent-1.9.12.jar:/home/diegodejcordeiro/.m2/repository/org/objenesis/objenesis/2.6/objenesis-2.6.jar:/home/diegodejcordeiro/.m2/repository/org/skyscreamer/jsonassert/1.5.0/jsonassert-1.5.0.jar:/home/diegodejcordeiro/.m2/repository/com/vaadin/external/google/android-json/0.0.20131108.vaadin1/android-json-0.0.20131108.vaadin1.jar:/home/diegodejcordeiro/.m2/repository/org/springframework/spring-core/5.2.0.M2/spring-core-5.2.0.M2.jar:/home/diegodejcordeiro/.m2/repository/org/springframework/spring-jcl/5.2.0.M2/spring-jcl-5.2.0.M2.jar:/home/diegodejcordeiro/.m2/repository/org/springframework/spring-test/5.2.0.M2/spring-test-5.2.0.M2.jar:/home/diegodejcordeiro/.m2/repository/org/xmlunit/xmlunit-core/2.6.2/xmlunit-core-2.6.2.jar:/home/diegodejcordeiro/.m2/repository/io/springfox/springfox-swagger2/2.9.2/springfox-swagger2-2.9.2.jar:/home/diegodejcordeiro/.m2/repository/io/swagger/swagger-annotations/1.5.20/swagger-annotations-1.5.20.jar:/home/diegodejcordeiro/.m2/repository/io/swagger/swagger-models/1.5.20/swagger-models-1.5.20.jar:/home/diegodejcordeiro/.m2/repository/io/springfox/springfox-spi/2.9.2/springfox-spi-2.9.2.jar:/home/diegodejcordeiro/.m2/repository/io/springfox/springfox-core/2.9.2/springfox-core-2.9.2.jar:/home/diegodejcordeiro/.m2/repository/io/springfox/springfox-schema/2.9.2/springfox-schema-2.9.2.jar:/home/diegodejcordeiro/.m2/repository/io/springfox/springfox-swagger-common/2.9.2/springfox-swagger-common-2.9.2.jar:/home/diegodejcordeiro/.m2/repository/io/springfox/springfox-spring-web/2.9.2/springfox-spring-web-2.9.2.jar:/home/diegodejcordeiro/.m2/repository/com/google/guava/guava/20.0/guava-20.0.jar:/home/diegodejcordeiro/.m2/repository/com/fasterxml/classmate/1.5.0/classmate-1.5.0.jar:/home/diegodejcordeiro/.m2/repository/org/springframework/plugin/spring-plugin-metadata/2.0.0.M1/spring-plugin-metadata-2.0.0.M1.jar:/home/diegodejcordeiro/.m2/repository/org/mapstruct/mapstruct/1.2.0.Final/mapstruct-1.2.0.Final.jar:/home/diegodejcordeiro/.m2/repository/io/springfox/springfox-swagger-ui/2.9.2/springfox-swagger-ui-2.9.2.jar:/home/diegodejcordeiro/.m2/repository/org/projectlombok/lombok/1.18.8/lombok-1.18.8.jar:/home/diegodejcordeiro/.m2/repository/org/hibernate/hibernate-java8/5.4.2.Final/hibernate-java8-5.4.2.Final.jar:/home/diegodejcordeiro/.m2/repository/org/jboss/logging/jboss-logging/3.3.2.Final/jboss-logging-3.3.2.Final.jar:/home/diegodejcordeiro/.m2/repository/com/fasterxml/jackson/datatype/jackson-datatype-jsr310/2.9.8/jackson-datatype-jsr310-2.9.8.jar:/home/diegodejcordeiro/.m2/repository/com/fasterxml/jackson/core/jackson-annotations/2.9.0/jackson-annotations-2.9.0.jar:/home/diegodejcordeiro/.m2/repository/com/fasterxml/jackson/core/jackson-core/2.9.8/jackson-core-2.9.8.jar:/home/diegodejcordeiro/.m2/repository/com/fasterxml/jackson/core/jackson-databind/2.9.8/jackson-databind-2.9.8.jar:/home/diegodejcordeiro/.m2/repository/org/apache/commons/commons-lang3/3.9/commons-lang3-3.9.jar:/home/diegodejcordeiro/.m2/repository/org/hibernate/hibernate-jpamodelgen/5.4.2.Final/hibernate-jpamodelgen-5.4.2.Final.jar:/home/diegodejcordeiro/.m2/repository/javax/xml/bind/jaxb-api/2.3.1/jaxb-api-2.3.1.jar:/home/diegodejcordeiro/.m2/repository/javax/activation/javax.activation-api/1.2.0/javax.activation-api-1.2.0.jar:/home/diegodejcordeiro/.m2/repository/org/glassfish/jaxb/jaxb-runtime/2.3.2/jaxb-runtime-2.3.2.jar:/home/diegodejcordeiro/.m2/repository/org/glassfish/jaxb/txw2/2.3.2/txw2-2.3.2.jar:/home/diegodejcordeiro/.m2/repository/com/sun/istack/istack-commons-runtime/3.0.8/istack-commons-runtime-3.0.8.jar:/home/diegodejcordeiro/.m2/repository/org/jvnet/staxex/stax-ex/1.8.1/stax-ex-1.8.1.jar:/home/diegodejcordeiro/.m2/repository/com/sun/xml/fastinfoset/FastInfoset/1.2.16/FastInfoset-1.2.16.jar:"/>
    <property name="sun.cpu.endian" value="little"/>
    <property name="user.home" value="/home/diegodejcordeiro"/>
    <property name="user.language" value="en"/>
    <property name="java.specification.vendor" value="Oracle Corporation"/>
    <property name="java.home" value="/home/diegodejcordeiro/Work_tools/jdk-8u201-linux-x64/jdk1.8.0_201/jre"/>
    <property name="basedir" value="/home/diegodejcordeiro/Study/workspace/mercadoonline"/>
    <property name="file.separator" value="/"/>
    <property name="line.separator" value="&#10;"/>
    <property name="java.vm.specification.vendor" value="Oracle Corporation"/>
    <property name="java.specification.name" value="Java Platform API Specification"/>
    <property name="java.awt.graphicsenv" value="sun.awt.X11GraphicsEnvironment"/>
    <property name="surefire.real.class.path" value="/home/diegodejcordeiro/Study/workspace/mercadoonline/target/surefire/surefirebooter1948437553070808954.jar"/>
    <property name="sun.boot.class.path" value="/home/diegodejcordeiro/Work_tools/jdk-8u201-linux-x64/jdk1.8.0_201/jre/lib/resources.jar:/home/diegodejcordeiro/Work_tools/jdk-8u201-linux-x64/jdk1.8.0_201/jre/lib/rt.jar:/home/diegodejcordeiro/Work_tools/jdk-8u201-linux-x64/jdk1.8.0_201/jre/lib/sunrsasign.jar:/home/diegodejcordeiro/Work_tools/jdk-8u201-linux-x64/jdk1.8.0_201/jre/lib/jsse.jar:/home/diegodejcordeiro/Work_tools/jdk-8u201-linux-x64/jdk1.8.0_201/jre/lib/jce.jar:/home/diegodejcordeiro/Work_tools/jdk-8u201-linux-x64/jdk1.8.0_201/jre/lib/charsets.jar:/home/diegodejcordeiro/Work_tools/jdk-8u201-linux-x64/jdk1.8.0_201/jre/lib/jfr.jar:/home/diegodejcordeiro/Work_tools/jdk-8u201-linux-x64/jdk1.8.0_201/jre/classes"/>
    <property name="sun.management.compiler" value="HotSpot 64-Bit Tiered Compilers"/>
    <property name="java.runtime.version" value="1.8.0_201-b09"/>
    <property name="user.name" value="diegodejcordeiro"/>
    <property name="path.separator" value=":"/>
    <property name="os.version" value="4.15.0-50-generic"/>
    <property name="java.endorsed.dirs" value="/home/diegodejcordeiro/Work_tools/jdk-8u201-linux-x64/jdk1.8.0_201/jre/lib/endorsed"/>
    <property name="java.runtime.name" value="Java(TM) SE Runtime Environment"/>
    <property name="file.encoding" value="UTF-8"/>
    <property name="java.vm.name" value="Java HotSpot(TM) 64-Bit Server VM"/>
    <property name="localRepository" value="/home/diegodejcordeiro/.m2/repository"/>
    <property name="java.vendor.url.bug" value="http://bugreport.sun.com/bugreport/"/>
    <property name="java.io.tmpdir" value="/tmp"/>
    <property name="java.version" value="1.8.0_201"/>
    <property name="user.dir" value="/home/diegodejcordeiro/Study/workspace/mercadoonline"/>
    <property name="os.arch" value="amd64"/>
    <property name="java.vm.specification.name" value="Java Virtual Machine Specification"/>
    <property name="java.awt.printerjob" value="sun.print.PSPrinterJob"/>
    <property name="user.language.format" value="pt"/>
    <property name="sun.os.patch.level" value="unknown"/>
    <property name="java.library.path" value="/usr/java/packages/lib/amd64:/usr/lib64:/lib64:/lib:/usr/lib"/>
    <property name="java.vm.info" value="mixed mode"/>
    <property name="java.vendor" value="Oracle Corporation"/>
    <property name="java.vm.version" value="25.201-b09"/>
    <property name="java.ext.dirs" value="/home/diegodejcordeiro/Work_tools/jdk-8u201-linux-x64/jdk1.8.0_201/jre/lib/ext:/usr/java/packages/lib/ext"/>
    <property name="sun.io.unicode.encoding" value="UnicodeLittle"/>
    <property name="java.class.version" value="52.0"/>
  </properties>
  <testcase name="contextLoads" classname="br.com.cris.mercadoonline.MercadoonlineApplicationTests" time="0.107"/>
</testsuite>